[2021-08-20 13:44:50,267] selenium_base_case.py->setUpClass line:18 [INFO] : 
[2021-08-20 13:44:50,268] selenium_base_case.py->setUpClass line:19 [INFO] : ==============测试类开始执行==============
[2021-08-20 13:44:50,273] selenium_base_case.py->setUp line:23 [INFO] : -----------测试开始执行-----------
[2021-08-20 13:44:50,273] browser.py->get_driver line:34 [INFO] : 当前正在打开：chrome
[2021-08-20 13:44:52,611] browser.py->__get_chrome_driver line:58 [INFO] : 初始化Google浏览器并启动
[2021-08-20 13:44:52,769] base_page.py->set_window_max line:49 [INFO] : 浏览器最大化...
[2021-08-20 13:44:52,772] base_page.py->implicitly_wait line:90 [INFO] : 隐式等待个 5.0 秒
[2021-08-20 13:44:56,684] base_page.py->open_url line:35 [INFO] : 打开url：http://47.107.178.45/zentao/www/index.php?m=user&f=login&referer=L3plbnRhby93d3cvaW5kZXgucGhwP209dXNlciZmPWxvZ2lueg==
[2021-08-20 13:44:56,941] login_page.py->input_username line:31 [INFO] : 输入账号: test01
[2021-08-20 13:44:56,959] base_page.py->find_element line:122 [INFO] : [用户名输入框]元素识别成功
[2021-08-20 13:44:57,037] base_page.py->input line:143 [INFO] : 输入框输入内容：test01 , 识别输入框：account
[2021-08-20 13:44:57,037] login_page.py->input_password line:35 [INFO] : 输入密码: newdream123
[2021-08-20 13:44:57,057] base_page.py->find_element line:122 [INFO] : [密码输入框]元素识别成功
[2021-08-20 13:44:57,202] base_page.py->input line:143 [INFO] : 输入框输入内容：newdream123 , 识别输入框：password
[2021-08-20 13:44:57,203] login_page.py->click_login line:39 [INFO] : 点击登录按钮
[2021-08-20 13:44:57,219] base_page.py->find_element line:122 [INFO] : [登录按钮]元素识别成功
[2021-08-20 13:44:57,295] base_page.py->click line:156 [INFO] : 识别元素进行点击操作：submit
[2021-08-20 13:44:58,976] base_page.py->find_element line:122 [INFO] : [用户菜单]元素识别成功
[2021-08-20 13:44:59,128] base_page.py->click line:156 [INFO] : 识别元素进行点击操作：userNav
[2021-08-20 13:44:59,186] base_page.py->find_element line:122 [INFO] : [退出按钮]元素识别成功
[2021-08-20 13:44:59,721] base_page.py->click line:156 [INFO] : 识别元素进行点击操作：//*[@href="/zentao/www/index.php?m=user&f=logout"]
[2021-08-20 13:45:00,009] base_page.py->get_title line:57 [INFO] : 获取标题：用户登录 - 禅道
[2021-08-20 13:45:01,018] base_page.py->wait line:81 [INFO] : 休息一会儿 1 秒钟~
[2021-08-20 13:45:01,316] base_page.py->close_browser line:41 [INFO] : 关闭当前tab页签
[2021-08-20 13:45:01,316] selenium_base_case.py->tearDown line:38 [INFO] : -----------测试方法执行完毕-----------
[2021-08-20 13:45:03,818] selenium_base_case.py->tearDownClass line:42 [INFO] : ==============测试类执行完毕==============
[2021-08-20 14:08:29,654] selenium_base_case.py->setUpClass line:18 [INFO] : 
[2021-08-20 14:08:29,656] selenium_base_case.py->setUpClass line:19 [INFO] : ==============测试类开始执行==============
[2021-08-20 14:08:29,656] selenium_base_case.py->setUp line:23 [INFO] : -----------测试开始执行-----------
[2021-08-20 14:08:29,656] browser.py->get_driver line:34 [INFO] : 当前正在打开：chrome
[2021-08-20 14:08:31,909] browser.py->__get_chrome_driver line:58 [INFO] : 初始化Google浏览器并启动
[2021-08-20 14:08:32,124] base_page.py->set_window_max line:49 [INFO] : 浏览器最大化...
[2021-08-20 14:08:32,126] base_page.py->implicitly_wait line:90 [INFO] : 隐式等待个 5.0 秒
[2021-08-20 14:08:38,948] base_page.py->open_url line:35 [INFO] : 打开url：http://47.107.178.45/zentao/www/index.php?m=user&f=login&referer=L3plbnRhby93d3cvaW5kZXgucGhwP209dXNlciZmPWxvZ2lueg==
[2021-08-20 14:08:39,543] base_page.py->find_element line:124 [ERROR] : [点击影响版本]元素不能识别,原因是: 'LoginAction' object has no attribute 'find_element'
[2021-08-20 14:08:40,555] base_page.py->wait line:81 [INFO] : 休息一会儿 1 秒钟~
[2021-08-20 14:08:45,567] base_page.py->wait line:81 [INFO] : 休息一会儿 5.0 秒钟~
[2021-08-20 14:08:45,568] base_page.py->screenshot_as_file line:270 [ERROR] : 截图失败,原因是: unsupported operand type(s) for +: 'NoneType' and 'str'
[2021-08-20 14:08:46,159] base_page.py->close_browser line:41 [INFO] : 关闭当前tab页签
[2021-08-20 14:08:46,159] selenium_base_case.py->tearDown line:38 [INFO] : -----------测试方法执行完毕-----------
[2021-08-20 14:08:46,165] selenium_base_case.py->tearDownClass line:42 [INFO] : ==============测试类执行完毕==============
[2021-08-20 14:09:23,041] selenium_base_case.py->setUpClass line:18 [INFO] : 
[2021-08-20 14:09:23,042] selenium_base_case.py->setUpClass line:19 [INFO] : ==============测试类开始执行==============
[2021-08-20 14:09:23,042] selenium_base_case.py->setUp line:23 [INFO] : -----------测试开始执行-----------
[2021-08-20 14:09:23,043] browser.py->get_driver line:34 [INFO] : 当前正在打开：chrome
[2021-08-20 14:09:25,841] browser.py->__get_chrome_driver line:58 [INFO] : 初始化Google浏览器并启动
[2021-08-20 14:09:26,009] base_page.py->set_window_max line:49 [INFO] : 浏览器最大化...
[2021-08-20 14:09:26,011] base_page.py->implicitly_wait line:90 [INFO] : 隐式等待个 5.0 秒
[2021-08-20 14:09:31,764] base_page.py->open_url line:35 [INFO] : 打开url：http://47.107.178.45/zentao/www/index.php?m=user&f=login&referer=L3plbnRhby93d3cvaW5kZXgucGhwP209dXNlciZmPWxvZ2lueg==
[2021-08-20 14:09:32,033] login_page.py->input_username line:31 [INFO] : 输入账号: test01
[2021-08-20 14:09:32,057] base_page.py->find_element line:122 [INFO] : [用户名输入框]元素识别成功
[2021-08-20 14:09:32,201] base_page.py->input line:143 [INFO] : 输入框输入内容：test01 , 识别输入框：account
[2021-08-20 14:09:32,201] login_page.py->input_password line:35 [INFO] : 输入密码: newdream123
[2021-08-20 14:09:32,227] base_page.py->find_element line:122 [INFO] : [密码输入框]元素识别成功
[2021-08-20 14:09:32,379] base_page.py->input line:143 [INFO] : 输入框输入内容：newdream123 , 识别输入框：password
[2021-08-20 14:09:32,379] login_page.py->click_login line:39 [INFO] : 点击登录按钮
[2021-08-20 14:09:32,411] base_page.py->find_element line:122 [INFO] : [登录按钮]元素识别成功
[2021-08-20 14:09:32,520] base_page.py->click line:156 [INFO] : 识别元素进行点击操作：submit
[2021-08-20 14:09:33,932] base_page.py->find_element line:124 [ERROR] : [点击影响版本]元素不能识别,原因是: find_element() takes 2 positional arguments but 3 were given
[2021-08-20 14:09:34,965] base_page.py->wait line:81 [INFO] : 休息一会儿 1 秒钟~
[2021-08-20 14:09:39,970] base_page.py->wait line:81 [INFO] : 休息一会儿 5.0 秒钟~
[2021-08-20 14:09:39,972] base_page.py->screenshot_as_file line:270 [ERROR] : 截图失败,原因是: unsupported operand type(s) for +: 'NoneType' and 'str'
[2021-08-20 14:09:40,375] base_page.py->close_browser line:41 [INFO] : 关闭当前tab页签
[2021-08-20 14:09:40,375] selenium_base_case.py->tearDown line:38 [INFO] : -----------测试方法执行完毕-----------
[2021-08-20 14:09:40,378] selenium_base_case.py->tearDownClass line:42 [INFO] : ==============测试类执行完毕==============
[2021-08-20 14:10:18,622] selenium_base_case.py->setUpClass line:18 [INFO] : 
[2021-08-20 14:10:18,623] selenium_base_case.py->setUpClass line:19 [INFO] : ==============测试类开始执行==============
[2021-08-20 14:10:18,624] selenium_base_case.py->setUp line:23 [INFO] : -----------测试开始执行-----------
[2021-08-20 14:10:18,624] browser.py->get_driver line:34 [INFO] : 当前正在打开：chrome
[2021-08-20 14:10:20,760] browser.py->__get_chrome_driver line:58 [INFO] : 初始化Google浏览器并启动
[2021-08-20 14:10:20,908] base_page.py->set_window_max line:49 [INFO] : 浏览器最大化...
[2021-08-20 14:10:20,911] base_page.py->implicitly_wait line:90 [INFO] : 隐式等待个 5.0 秒
[2021-08-20 14:10:25,075] base_page.py->open_url line:35 [INFO] : 打开url：http://47.107.178.45/zentao/www/index.php?m=user&f=login&referer=L3plbnRhby93d3cvaW5kZXgucGhwP209dXNlciZmPWxvZ2lueg==
[2021-08-20 14:10:25,305] login_page.py->input_username line:31 [INFO] : 输入账号: test01
[2021-08-20 14:10:25,325] base_page.py->find_element line:122 [INFO] : [用户名输入框]元素识别成功
[2021-08-20 14:10:25,385] base_page.py->input line:143 [INFO] : 输入框输入内容：test01 , 识别输入框：account
[2021-08-20 14:10:25,385] login_page.py->input_password line:35 [INFO] : 输入密码: newdream123
[2021-08-20 14:10:25,401] base_page.py->find_element line:122 [INFO] : [密码输入框]元素识别成功
[2021-08-20 14:10:25,493] base_page.py->input line:143 [INFO] : 输入框输入内容：newdream123 , 识别输入框：password
[2021-08-20 14:10:25,494] login_page.py->click_login line:39 [INFO] : 点击登录按钮
[2021-08-20 14:10:25,512] base_page.py->find_element line:122 [INFO] : [登录按钮]元素识别成功
[2021-08-20 14:10:25,581] base_page.py->click line:156 [INFO] : 识别元素进行点击操作：submit
[2021-08-20 14:10:26,241] base_page.py->find_element line:124 [ERROR] : [点击影响版本]元素不能识别,原因是: find_element() takes 2 positional arguments but 3 were given
[2021-08-20 14:10:26,242] base_page.py->screenshot_as_file line:270 [ERROR] : 截图失败,原因是: unsupported operand type(s) for +: 'NoneType' and 'str'
[2021-08-20 14:10:27,250] base_page.py->wait line:81 [INFO] : 休息一会儿 1 秒钟~
[2021-08-20 14:10:32,259] base_page.py->wait line:81 [INFO] : 休息一会儿 5.0 秒钟~
[2021-08-20 14:10:32,260] base_page.py->screenshot_as_file line:270 [ERROR] : 截图失败,原因是: unsupported operand type(s) for +: 'NoneType' and 'str'
[2021-08-20 14:10:32,424] base_page.py->close_browser line:41 [INFO] : 关闭当前tab页签
[2021-08-20 14:10:32,424] selenium_base_case.py->tearDown line:38 [INFO] : -----------测试方法执行完毕-----------
[2021-08-20 14:10:32,428] selenium_base_case.py->tearDownClass line:42 [INFO] : ==============测试类执行完毕==============
[2021-08-20 14:11:34,003] selenium_base_case.py->setUpClass line:18 [INFO] : 
[2021-08-20 14:11:34,007] selenium_base_case.py->setUpClass line:19 [INFO] : ==============测试类开始执行==============
[2021-08-20 14:11:34,007] selenium_base_case.py->setUp line:23 [INFO] : -----------测试开始执行-----------
[2021-08-20 14:11:34,007] browser.py->get_driver line:34 [INFO] : 当前正在打开：chrome
[2021-08-20 14:11:36,087] browser.py->__get_chrome_driver line:58 [INFO] : 初始化Google浏览器并启动
[2021-08-20 14:11:36,235] base_page.py->set_window_max line:49 [INFO] : 浏览器最大化...
[2021-08-20 14:11:36,238] base_page.py->implicitly_wait line:90 [INFO] : 隐式等待个 5.0 秒
[2021-08-20 14:11:41,326] base_page.py->open_url line:35 [INFO] : 打开url：http://47.107.178.45/zentao/www/index.php?m=user&f=login&referer=L3plbnRhby93d3cvaW5kZXgucGhwP209dXNlciZmPWxvZ2lueg==
[2021-08-20 14:11:41,655] login_page.py->input_username line:31 [INFO] : 输入账号: test01
[2021-08-20 14:11:41,674] base_page.py->find_element line:122 [INFO] : [用户名输入框]元素识别成功
[2021-08-20 14:11:41,743] base_page.py->input line:143 [INFO] : 输入框输入内容：test01 , 识别输入框：account
[2021-08-20 14:11:41,743] login_page.py->input_password line:35 [INFO] : 输入密码: newdream123
[2021-08-20 14:11:41,764] base_page.py->find_element line:122 [INFO] : [密码输入框]元素识别成功
[2021-08-20 14:11:41,979] base_page.py->input line:143 [INFO] : 输入框输入内容：newdream123 , 识别输入框：password
[2021-08-20 14:11:41,980] login_page.py->click_login line:39 [INFO] : 点击登录按钮
[2021-08-20 14:11:41,993] base_page.py->find_element line:122 [INFO] : [登录按钮]元素识别成功
[2021-08-20 14:11:42,080] base_page.py->click line:156 [INFO] : 识别元素进行点击操作：submit
[2021-08-20 14:11:44,008] base_page.py->wait line:81 [INFO] : 休息一会儿 1 秒钟~
[2021-08-20 14:11:44,009] base_page.py->find_element line:124 [ERROR] : [点击影响版本]元素不能识别,原因是: find_element() takes 2 positional arguments but 3 were given
[2021-08-20 14:11:44,009] base_page.py->screenshot_as_file line:270 [ERROR] : 截图失败,原因是: unsupported operand type(s) for +: 'NoneType' and 'str'
[2021-08-20 14:11:45,020] base_page.py->wait line:81 [INFO] : 休息一会儿 1 秒钟~
[2021-08-20 14:11:50,031] base_page.py->wait line:81 [INFO] : 休息一会儿 5.0 秒钟~
[2021-08-20 14:11:50,032] base_page.py->screenshot_as_file line:270 [ERROR] : 截图失败,原因是: unsupported operand type(s) for +: 'NoneType' and 'str'
[2021-08-20 14:11:50,337] base_page.py->close_browser line:41 [INFO] : 关闭当前tab页签
[2021-08-20 14:11:50,337] selenium_base_case.py->tearDown line:38 [INFO] : -----------测试方法执行完毕-----------
[2021-08-20 14:11:50,340] selenium_base_case.py->tearDownClass line:42 [INFO] : ==============测试类执行完毕==============
[2021-08-20 14:12:31,351] selenium_base_case.py->setUpClass line:18 [INFO] : 
[2021-08-20 14:12:31,352] selenium_base_case.py->setUpClass line:19 [INFO] : ==============测试类开始执行==============
[2021-08-20 14:12:31,352] selenium_base_case.py->setUp line:23 [INFO] : -----------测试开始执行-----------
[2021-08-20 14:12:31,353] browser.py->get_driver line:34 [INFO] : 当前正在打开：chrome
[2021-08-20 14:12:33,536] browser.py->__get_chrome_driver line:58 [INFO] : 初始化Google浏览器并启动
[2021-08-20 14:12:33,763] base_page.py->set_window_max line:49 [INFO] : 浏览器最大化...
[2021-08-20 14:12:33,784] base_page.py->implicitly_wait line:90 [INFO] : 隐式等待个 5.0 秒
[2021-08-20 14:12:37,939] base_page.py->open_url line:35 [INFO] : 打开url：http://47.107.178.45/zentao/www/index.php?m=user&f=login&referer=L3plbnRhby93d3cvaW5kZXgucGhwP209dXNlciZmPWxvZ2lueg==
[2021-08-20 14:12:38,520] login_page.py->input_username line:31 [INFO] : 输入账号: test01
[2021-08-20 14:12:38,540] base_page.py->find_element line:122 [INFO] : [用户名输入框]元素识别成功
[2021-08-20 14:12:38,611] base_page.py->input line:143 [INFO] : 输入框输入内容：test01 , 识别输入框：account
[2021-08-20 14:12:38,612] login_page.py->input_password line:35 [INFO] : 输入密码: newdream123
[2021-08-20 14:12:38,631] base_page.py->find_element line:122 [INFO] : [密码输入框]元素识别成功
[2021-08-20 14:12:38,830] base_page.py->input line:143 [INFO] : 输入框输入内容：newdream123 , 识别输入框：password
[2021-08-20 14:12:38,830] login_page.py->click_login line:39 [INFO] : 点击登录按钮
[2021-08-20 14:12:38,853] base_page.py->find_element line:122 [INFO] : [登录按钮]元素识别成功
[2021-08-20 14:12:38,957] base_page.py->click line:156 [INFO] : 识别元素进行点击操作：submit
[2021-08-20 14:12:52,148] base_page.py->wait line:81 [INFO] : 休息一会儿 1 秒钟~
[2021-08-20 14:13:04,936] base_page.py->find_element line:124 [ERROR] : [点击影响版本]元素不能识别,原因是: find_element() takes 2 positional arguments but 3 were given
[2021-08-20 14:13:04,939] base_page.py->screenshot_as_file line:270 [ERROR] : 截图失败,原因是: unsupported operand type(s) for +: 'NoneType' and 'str'
[2021-08-20 14:13:08,661] selenium_base_case.py->setUpClass line:18 [INFO] : 
[2021-08-20 14:13:08,662] selenium_base_case.py->setUpClass line:19 [INFO] : ==============测试类开始执行==============
[2021-08-20 14:13:08,663] selenium_base_case.py->setUp line:23 [INFO] : -----------测试开始执行-----------
[2021-08-20 14:13:08,663] browser.py->get_driver line:34 [INFO] : 当前正在打开：chrome
[2021-08-20 14:13:11,013] browser.py->__get_chrome_driver line:58 [INFO] : 初始化Google浏览器并启动
[2021-08-20 14:13:11,157] base_page.py->set_window_max line:49 [INFO] : 浏览器最大化...
[2021-08-20 14:13:11,160] base_page.py->implicitly_wait line:90 [INFO] : 隐式等待个 5.0 秒
[2021-08-20 14:13:15,069] base_page.py->open_url line:35 [INFO] : 打开url：http://47.107.178.45/zentao/www/index.php?m=user&f=login&referer=L3plbnRhby93d3cvaW5kZXgucGhwP209dXNlciZmPWxvZ2lueg==
[2021-08-20 14:13:15,392] login_page.py->input_username line:31 [INFO] : 输入账号: test01
[2021-08-20 14:13:15,414] base_page.py->find_element line:122 [INFO] : [用户名输入框]元素识别成功
[2021-08-20 14:13:15,538] base_page.py->input line:143 [INFO] : 输入框输入内容：test01 , 识别输入框：account
[2021-08-20 14:13:15,538] login_page.py->input_password line:35 [INFO] : 输入密码: newdream123
[2021-08-20 14:13:15,557] base_page.py->find_element line:122 [INFO] : [密码输入框]元素识别成功
[2021-08-20 14:13:15,676] base_page.py->input line:143 [INFO] : 输入框输入内容：newdream123 , 识别输入框：password
[2021-08-20 14:13:15,676] login_page.py->click_login line:39 [INFO] : 点击登录按钮
[2021-08-20 14:13:15,695] base_page.py->find_element line:122 [INFO] : [登录按钮]元素识别成功
[2021-08-20 14:13:15,770] base_page.py->click line:156 [INFO] : 识别元素进行点击操作：submit
[2021-08-20 14:13:17,412] base_page.py->wait line:81 [INFO] : 休息一会儿 1 秒钟~
[2021-08-20 14:13:17,413] base_page.py->find_element line:124 [ERROR] : [测试报告链接]元素不能识别,原因是: find_element() takes 2 positional arguments but 3 were given
[2021-08-20 14:13:17,414] base_page.py->screenshot_as_file line:270 [ERROR] : 截图失败,原因是: unsupported operand type(s) for +: 'NoneType' and 'str'
[2021-08-20 14:13:18,414] base_page.py->wait line:81 [INFO] : 休息一会儿 1 秒钟~
[2021-08-20 14:13:23,431] base_page.py->wait line:81 [INFO] : 休息一会儿 5.0 秒钟~
[2021-08-20 14:13:23,431] base_page.py->screenshot_as_file line:270 [ERROR] : 截图失败,原因是: unsupported operand type(s) for +: 'NoneType' and 'str'
[2021-08-20 14:13:23,839] base_page.py->close_browser line:41 [INFO] : 关闭当前tab页签
[2021-08-20 14:13:23,839] selenium_base_case.py->tearDown line:38 [INFO] : -----------测试方法执行完毕-----------
[2021-08-20 14:13:23,842] selenium_base_case.py->tearDownClass line:42 [INFO] : ==============测试类执行完毕==============
[2021-08-20 14:13:52,955] selenium_base_case.py->setUpClass line:18 [INFO] : 
[2021-08-20 14:13:52,956] selenium_base_case.py->setUpClass line:19 [INFO] : ==============测试类开始执行==============
[2021-08-20 14:13:52,956] selenium_base_case.py->setUp line:23 [INFO] : -----------测试开始执行-----------
[2021-08-20 14:13:52,957] browser.py->get_driver line:34 [INFO] : 当前正在打开：chrome
[2021-08-20 14:13:55,088] browser.py->__get_chrome_driver line:58 [INFO] : 初始化Google浏览器并启动
[2021-08-20 14:13:55,227] base_page.py->set_window_max line:49 [INFO] : 浏览器最大化...
[2021-08-20 14:13:55,231] base_page.py->implicitly_wait line:90 [INFO] : 隐式等待个 5.0 秒
[2021-08-20 14:13:59,120] base_page.py->open_url line:35 [INFO] : 打开url：http://47.107.178.45/zentao/www/index.php?m=user&f=login&referer=L3plbnRhby93d3cvaW5kZXgucGhwP209dXNlciZmPWxvZ2lueg==
[2021-08-20 14:13:59,703] login_page.py->input_username line:31 [INFO] : 输入账号: test01
[2021-08-20 14:13:59,720] base_page.py->find_element line:122 [INFO] : [用户名输入框]元素识别成功
[2021-08-20 14:13:59,779] base_page.py->input line:143 [INFO] : 输入框输入内容：test01 , 识别输入框：account
[2021-08-20 14:13:59,780] login_page.py->input_password line:35 [INFO] : 输入密码: newdream123
[2021-08-20 14:13:59,797] base_page.py->find_element line:122 [INFO] : [密码输入框]元素识别成功
[2021-08-20 14:13:59,920] base_page.py->input line:143 [INFO] : 输入框输入内容：newdream123 , 识别输入框：password
[2021-08-20 14:13:59,921] login_page.py->click_login line:39 [INFO] : 点击登录按钮
[2021-08-20 14:13:59,946] base_page.py->find_element line:122 [INFO] : [登录按钮]元素识别成功
[2021-08-20 14:14:00,053] base_page.py->click line:156 [INFO] : 识别元素进行点击操作：submit
[2021-08-20 14:14:11,352] base_page.py->wait line:81 [INFO] : 休息一会儿 1 秒钟~
[2021-08-20 14:16:09,462] base_page.py->find_element line:124 [ERROR] : [测试报告链接]元素不能识别,原因是: find_element() takes 2 positional arguments but 3 were given
[2021-08-20 14:16:16,671] base_page.py->screenshot_as_file line:270 [ERROR] : 截图失败,原因是: unsupported operand type(s) for +: 'NoneType' and 'str'
[2021-08-20 14:16:20,182] base_page.py->wait line:81 [INFO] : 休息一会儿 1 秒钟~
[2021-08-20 14:16:28,552] base_page.py->wait line:81 [INFO] : 休息一会儿 5.0 秒钟~
[2021-08-20 14:16:33,563] base_page.py->screenshot_as_file line:270 [ERROR] : 截图失败,原因是: unsupported operand type(s) for +: 'NoneType' and 'str'
[2021-08-20 14:16:33,856] base_page.py->close_browser line:41 [INFO] : 关闭当前tab页签
[2021-08-20 14:16:33,857] selenium_base_case.py->tearDown line:38 [INFO] : -----------测试方法执行完毕-----------
[2021-08-20 14:16:33,864] selenium_base_case.py->tearDownClass line:42 [INFO] : ==============测试类执行完毕==============
[2021-08-20 14:21:16,476] selenium_base_case.py->setUpClass line:18 [INFO] : 
[2021-08-20 14:21:16,480] selenium_base_case.py->setUpClass line:19 [INFO] : ==============测试类开始执行==============
[2021-08-20 14:21:16,481] selenium_base_case.py->setUp line:23 [INFO] : -----------测试开始执行-----------
[2021-08-20 14:21:16,481] browser.py->get_driver line:34 [INFO] : 当前正在打开：chrome
[2021-08-20 14:21:18,873] browser.py->__get_chrome_driver line:58 [INFO] : 初始化Google浏览器并启动
[2021-08-20 14:21:19,198] base_page.py->set_window_max line:49 [INFO] : 浏览器最大化...
[2021-08-20 14:21:19,200] base_page.py->implicitly_wait line:90 [INFO] : 隐式等待个 5.0 秒
[2021-08-20 14:21:25,978] base_page.py->open_url line:35 [INFO] : 打开url：http://47.107.178.45/zentao/www/index.php?m=user&f=login&referer=L3plbnRhby93d3cvaW5kZXgucGhwP209dXNlciZmPWxvZ2lueg==
[2021-08-20 14:21:26,237] login_page.py->input_username line:31 [INFO] : 输入账号: test01
[2021-08-20 14:21:26,254] base_page.py->find_element line:122 [INFO] : [用户名输入框]元素识别成功
[2021-08-20 14:21:26,306] base_page.py->input line:143 [INFO] : 输入框输入内容：test01 , 识别输入框：account
[2021-08-20 14:21:26,307] login_page.py->input_password line:35 [INFO] : 输入密码: newdream123
[2021-08-20 14:21:26,329] base_page.py->find_element line:122 [INFO] : [密码输入框]元素识别成功
[2021-08-20 14:21:26,431] base_page.py->input line:143 [INFO] : 输入框输入内容：newdream123 , 识别输入框：password
[2021-08-20 14:21:26,431] login_page.py->click_login line:39 [INFO] : 点击登录按钮
[2021-08-20 14:21:26,450] base_page.py->find_element line:122 [INFO] : [登录按钮]元素识别成功
[2021-08-20 14:21:26,539] base_page.py->click line:156 [INFO] : 识别元素进行点击操作：submit
[2021-08-20 14:21:29,383] base_page.py->wait line:81 [INFO] : 休息一会儿 2 秒钟~
[2021-08-20 14:21:29,913] base_page.py->find_element line:122 [INFO] : [测试报告链接]元素识别成功
[2021-08-20 14:21:30,714] base_page.py->click line:156 [INFO] : 识别元素进行点击操作：//*[@id="navbar"]/ul/li[4]/a
[2021-08-20 14:21:30,714] bug_page.py->click_test_link line:32 [INFO] : 点击测试链接
[2021-08-20 14:21:31,716] base_page.py->wait line:81 [INFO] : 休息一会儿 1 秒钟~
[2021-08-20 14:21:31,734] base_page.py->find_element line:122 [INFO] : [点击bug链接]元素识别成功
[2021-08-20 14:21:33,401] base_page.py->click line:156 [INFO] : 识别元素进行点击操作：//*[@id="subNavbar"]/ul/li[1]/a
[2021-08-20 14:21:33,401] bug_page.py->click_bug_link line:37 [INFO] : 点击bug链接
[2021-08-20 14:21:33,451] base_page.py->find_element line:122 [INFO] : [点击提交bug按钮]元素识别成功
[2021-08-20 14:21:36,936] base_page.py->click line:156 [INFO] : 识别元素进行点击操作：//*[@id="mainMenu"]/div[3]/a[3]
[2021-08-20 14:21:36,937] bug_page.py->click_commit_bug_button line:41 [INFO] : 点击提bug按钮
[2021-08-20 14:21:36,963] base_page.py->find_element line:122 [INFO] : [点击影响版本]元素识别成功
[2021-08-20 14:21:37,047] base_page.py->click line:156 [INFO] : 识别元素进行点击操作：//*[@id="openedBuild_chosen"]/ul
[2021-08-20 14:21:38,052] base_page.py->wait line:81 [INFO] : 休息一会儿 1 秒钟~
[2021-08-20 14:21:38,069] base_page.py->find_element line:122 [INFO] : [点击主干]元素识别成功
[2021-08-20 14:21:38,135] base_page.py->click line:156 [INFO] : 识别元素进行点击操作：//*[@id="openedBuild_chosen"]/div/ul/li[1]
[2021-08-20 14:21:38,155] base_page.py->find_element line:122 [INFO] : [点击所属项目]元素识别成功
[2021-08-20 14:21:38,233] base_page.py->click line:156 [INFO] : 识别元素进行点击操作：//*[@id="project_chosen"]/a
[2021-08-20 14:21:39,241] base_page.py->wait line:81 [INFO] : 休息一会儿 1 秒钟~
[2021-08-20 14:21:39,256] base_page.py->find_element line:122 [INFO] : [点击dbshopv2.0]元素识别成功
[2021-08-20 14:21:39,335] base_page.py->click line:156 [INFO] : 识别元素进行点击操作：//*[@id="project_chosen"]/div/ul/li[1]
[2021-08-20 14:21:40,336] base_page.py->wait line:81 [INFO] : 休息一会儿 1 秒钟~
[2021-08-20 14:21:40,506] base_page.py->close_browser line:41 [INFO] : 关闭当前tab页签
[2021-08-20 14:21:40,507] selenium_base_case.py->tearDown line:38 [INFO] : -----------测试方法执行完毕-----------
[2021-08-20 14:21:43,035] selenium_base_case.py->tearDownClass line:42 [INFO] : ==============测试类执行完毕==============
[2021-08-20 14:24:25,142] selenium_base_case.py->setUpClass line:18 [INFO] : 
[2021-08-20 14:24:25,143] selenium_base_case.py->setUpClass line:19 [INFO] : ==============测试类开始执行==============
[2021-08-20 14:24:25,144] selenium_base_case.py->setUp line:23 [INFO] : -----------测试开始执行-----------
[2021-08-20 14:24:25,144] browser.py->get_driver line:34 [INFO] : 当前正在打开：chrome
[2021-08-20 14:24:27,102] browser.py->__get_chrome_driver line:58 [INFO] : 初始化Google浏览器并启动
[2021-08-20 14:24:27,337] base_page.py->set_window_max line:49 [INFO] : 浏览器最大化...
[2021-08-20 14:24:27,339] base_page.py->implicitly_wait line:90 [INFO] : 隐式等待个 5.0 秒
[2021-08-20 14:24:31,708] base_page.py->open_url line:35 [INFO] : 打开url：http://47.107.178.45/zentao/www/index.php?m=user&f=login&referer=L3plbnRhby93d3cvaW5kZXgucGhwP209dXNlciZmPWxvZ2lueg==
[2021-08-20 14:24:32,065] login_page.py->input_username line:31 [INFO] : 输入账号: test01
[2021-08-20 14:24:32,090] base_page.py->find_element line:122 [INFO] : [用户名输入框]元素识别成功
[2021-08-20 14:24:32,203] base_page.py->input line:143 [INFO] : 输入框输入内容：test01 , 识别输入框：account
[2021-08-20 14:24:32,203] login_page.py->input_password line:35 [INFO] : 输入密码: newdream123
[2021-08-20 14:24:32,226] base_page.py->find_element line:122 [INFO] : [密码输入框]元素识别成功
[2021-08-20 14:24:32,343] base_page.py->input line:143 [INFO] : 输入框输入内容：newdream123 , 识别输入框：password
[2021-08-20 14:24:32,343] login_page.py->click_login line:39 [INFO] : 点击登录按钮
[2021-08-20 14:24:32,366] base_page.py->find_element line:122 [INFO] : [登录按钮]元素识别成功
[2021-08-20 14:24:32,472] base_page.py->click line:156 [INFO] : 识别元素进行点击操作：submit
[2021-08-20 14:24:35,672] base_page.py->wait line:81 [INFO] : 休息一会儿 2 秒钟~
[2021-08-20 14:24:35,690] base_page.py->find_element line:122 [INFO] : [测试报告链接]元素识别成功
[2021-08-20 14:24:36,198] base_page.py->click line:156 [INFO] : 识别元素进行点击操作：//*[@id="navbar"]/ul/li[4]/a
[2021-08-20 14:24:36,199] bug_page.py->click_test_link line:32 [INFO] : 点击测试链接
[2021-08-20 14:24:37,201] base_page.py->wait line:81 [INFO] : 休息一会儿 1 秒钟~
[2021-08-20 14:24:37,218] base_page.py->find_element line:122 [INFO] : [点击bug链接]元素识别成功
[2021-08-20 14:24:38,050] base_page.py->click line:156 [INFO] : 识别元素进行点击操作：//*[@id="subNavbar"]/ul/li[1]/a
[2021-08-20 14:24:38,051] bug_page.py->click_bug_link line:37 [INFO] : 点击bug链接
[2021-08-20 14:24:38,109] base_page.py->find_element line:122 [INFO] : [点击提交bug按钮]元素识别成功
[2021-08-20 14:24:41,003] base_page.py->click line:156 [INFO] : 识别元素进行点击操作：//*[@id="mainMenu"]/div[3]/a[3]
[2021-08-20 14:24:41,003] bug_page.py->click_commit_bug_button line:41 [INFO] : 点击提bug按钮
[2021-08-20 14:24:41,034] base_page.py->find_element line:122 [INFO] : [点击影响版本]元素识别成功
[2021-08-20 14:24:41,117] base_page.py->click line:156 [INFO] : 识别元素进行点击操作：//*[@id="openedBuild_chosen"]/ul
[2021-08-20 14:24:42,119] base_page.py->wait line:81 [INFO] : 休息一会儿 1 秒钟~
[2021-08-20 14:24:42,136] base_page.py->find_element line:122 [INFO] : [点击主干]元素识别成功
[2021-08-20 14:24:42,191] base_page.py->click line:156 [INFO] : 识别元素进行点击操作：//*[@id="openedBuild_chosen"]/div/ul/li[1]
[2021-08-20 14:24:42,207] base_page.py->find_element line:122 [INFO] : [点击所属项目]元素识别成功
[2021-08-20 14:24:42,269] base_page.py->click line:156 [INFO] : 识别元素进行点击操作：//*[@id="project_chosen"]/a
[2021-08-20 14:24:43,278] base_page.py->wait line:81 [INFO] : 休息一会儿 1 秒钟~
[2021-08-20 14:24:43,298] base_page.py->find_element line:122 [INFO] : [点击dbshopv2.0]元素识别成功
[2021-08-20 14:24:43,378] base_page.py->click line:156 [INFO] : 识别元素进行点击操作：//*[@id="project_chosen"]/div/ul/li[1]
[2021-08-20 14:24:44,389] base_page.py->wait line:81 [INFO] : 休息一会儿 1 秒钟~
[2021-08-20 14:24:44,405] base_page.py->find_element line:122 [INFO] : [输入bug标题]元素识别成功
[2021-08-20 14:24:44,513] base_page.py->input line:143 [INFO] : 输入框输入内容：测试一下喔 , 识别输入框：//div[@class="input-control has-icon-right required"]/*[@id="title"]
[2021-08-20 14:24:45,518] base_page.py->wait line:81 [INFO] : 休息一会儿 1 秒钟~
[2021-08-20 14:24:45,731] base_page.py->close_browser line:41 [INFO] : 关闭当前tab页签
[2021-08-20 14:24:45,731] selenium_base_case.py->tearDown line:38 [INFO] : -----------测试方法执行完毕-----------
[2021-08-20 14:24:50,665] selenium_base_case.py->tearDownClass line:42 [INFO] : ==============测试类执行完毕==============
[2021-08-20 14:36:02,230] selenium_base_case.py->setUpClass line:18 [INFO] : 
[2021-08-20 14:36:02,232] selenium_base_case.py->setUpClass line:19 [INFO] : ==============测试类开始执行==============
[2021-08-20 14:36:02,232] selenium_base_case.py->setUp line:23 [INFO] : -----------测试开始执行-----------
[2021-08-20 14:36:02,232] browser.py->get_driver line:34 [INFO] : 当前正在打开：chrome
[2021-08-20 14:36:04,925] browser.py->__get_chrome_driver line:58 [INFO] : 初始化Google浏览器并启动
[2021-08-20 14:36:05,068] base_page.py->set_window_max line:49 [INFO] : 浏览器最大化...
[2021-08-20 14:36:05,070] base_page.py->implicitly_wait line:90 [INFO] : 隐式等待个 5.0 秒
[2021-08-20 14:36:10,844] base_page.py->open_url line:35 [INFO] : 打开url：http://47.107.178.45/zentao/www/index.php?m=user&f=login&referer=L3plbnRhby93d3cvaW5kZXgucGhwP209dXNlciZmPWxvZ2lueg==
[2021-08-20 14:36:11,226] login_page.py->input_username line:31 [INFO] : 输入账号: test01
[2021-08-20 14:36:11,241] base_page.py->find_element line:122 [INFO] : [用户名输入框]元素识别成功
[2021-08-20 14:36:11,293] base_page.py->input line:143 [INFO] : 输入框输入内容：test01 , 识别输入框：account
[2021-08-20 14:36:11,294] login_page.py->input_password line:35 [INFO] : 输入密码: newdream123
[2021-08-20 14:36:11,309] base_page.py->find_element line:122 [INFO] : [密码输入框]元素识别成功
[2021-08-20 14:36:11,403] base_page.py->input line:143 [INFO] : 输入框输入内容：newdream123 , 识别输入框：password
[2021-08-20 14:36:11,403] login_page.py->click_login line:39 [INFO] : 点击登录按钮
[2021-08-20 14:36:11,419] base_page.py->find_element line:122 [INFO] : [登录按钮]元素识别成功
[2021-08-20 14:36:11,556] base_page.py->click line:156 [INFO] : 识别元素进行点击操作：submit
[2021-08-20 14:36:14,664] base_page.py->wait line:81 [INFO] : 休息一会儿 1 秒钟~
[2021-08-20 14:36:19,670] base_page.py->wait line:81 [INFO] : 休息一会儿 5.0 秒钟~
[2021-08-20 14:36:19,671] base_page.py->screenshot_as_file line:270 [ERROR] : 截图失败,原因是: unsupported operand type(s) for +: 'NoneType' and 'str'
[2021-08-20 14:36:19,827] base_page.py->close_browser line:41 [INFO] : 关闭当前tab页签
[2021-08-20 14:36:19,828] selenium_base_case.py->tearDown line:38 [INFO] : -----------测试方法执行完毕-----------
[2021-08-20 14:36:19,830] selenium_base_case.py->tearDownClass line:42 [INFO] : ==============测试类执行完毕==============
[2021-08-20 14:36:27,329] selenium_base_case.py->setUpClass line:18 [INFO] : 
[2021-08-20 14:36:27,329] selenium_base_case.py->setUpClass line:19 [INFO] : ==============测试类开始执行==============
[2021-08-20 14:36:27,330] selenium_base_case.py->setUp line:23 [INFO] : -----------测试开始执行-----------
[2021-08-20 14:36:27,330] browser.py->get_driver line:34 [INFO] : 当前正在打开：chrome
[2021-08-20 14:36:29,488] browser.py->__get_chrome_driver line:58 [INFO] : 初始化Google浏览器并启动
[2021-08-20 14:36:29,639] base_page.py->set_window_max line:49 [INFO] : 浏览器最大化...
[2021-08-20 14:36:29,641] base_page.py->implicitly_wait line:90 [INFO] : 隐式等待个 5.0 秒
[2021-08-20 14:36:34,304] base_page.py->open_url line:35 [INFO] : 打开url：http://47.107.178.45/zentao/www/index.php?m=user&f=login&referer=L3plbnRhby93d3cvaW5kZXgucGhwP209dXNlciZmPWxvZ2lueg==
[2021-08-20 14:36:34,534] login_page.py->input_username line:31 [INFO] : 输入账号: test01
[2021-08-20 14:36:34,552] base_page.py->find_element line:122 [INFO] : [用户名输入框]元素识别成功
[2021-08-20 14:36:34,630] base_page.py->input line:143 [INFO] : 输入框输入内容：test01 , 识别输入框：account
[2021-08-20 14:36:34,631] login_page.py->input_password line:35 [INFO] : 输入密码: newdream123
[2021-08-20 14:36:34,649] base_page.py->find_element line:122 [INFO] : [密码输入框]元素识别成功
[2021-08-20 14:36:34,749] base_page.py->input line:143 [INFO] : 输入框输入内容：newdream123 , 识别输入框：password
[2021-08-20 14:36:34,749] login_page.py->click_login line:39 [INFO] : 点击登录按钮
[2021-08-20 14:36:34,770] base_page.py->find_element line:122 [INFO] : [登录按钮]元素识别成功
[2021-08-20 14:36:34,840] base_page.py->click line:156 [INFO] : 识别元素进行点击操作：submit
[2021-08-20 14:36:38,412] base_page.py->wait line:81 [INFO] : 休息一会儿 2 秒钟~
[2021-08-20 14:36:38,443] base_page.py->find_element line:122 [INFO] : [测试报告链接]元素识别成功
[2021-08-20 14:36:39,043] base_page.py->click line:156 [INFO] : 识别元素进行点击操作：//*[@id="navbar"]/ul/li[4]/a
[2021-08-20 14:36:39,044] bug_page.py->click_test_link line:35 [INFO] : 点击测试链接
[2021-08-20 14:36:40,051] base_page.py->wait line:81 [INFO] : 休息一会儿 1 秒钟~
[2021-08-20 14:36:40,070] base_page.py->find_element line:122 [INFO] : [点击bug链接]元素识别成功
[2021-08-20 14:36:41,559] base_page.py->click line:156 [INFO] : 识别元素进行点击操作：//*[@id="subNavbar"]/ul/li[1]/a
[2021-08-20 14:36:41,560] bug_page.py->click_bug_link line:40 [INFO] : 点击bug链接
[2021-08-20 14:36:41,637] base_page.py->find_element line:122 [INFO] : [点击提交bug按钮]元素识别成功
[2021-08-20 14:36:44,415] base_page.py->click line:156 [INFO] : 识别元素进行点击操作：//*[@id="mainMenu"]/div[3]/a[3]
[2021-08-20 14:36:44,415] bug_page.py->click_commit_bug_button line:44 [INFO] : 点击提bug按钮
[2021-08-20 14:36:44,457] base_page.py->find_element line:122 [INFO] : [点击影响版本]元素识别成功
[2021-08-20 14:36:44,549] base_page.py->click line:156 [INFO] : 识别元素进行点击操作：//*[@id="openedBuild_chosen"]/ul
[2021-08-20 14:36:45,564] base_page.py->wait line:81 [INFO] : 休息一会儿 1 秒钟~
[2021-08-20 14:36:45,594] base_page.py->find_element line:122 [INFO] : [点击主干]元素识别成功
[2021-08-20 14:36:45,749] base_page.py->click line:156 [INFO] : 识别元素进行点击操作：//*[@id="openedBuild_chosen"]/div/ul/li[1]
[2021-08-20 14:36:45,781] base_page.py->find_element line:122 [INFO] : [点击所属项目]元素识别成功
[2021-08-20 14:36:45,911] base_page.py->click line:156 [INFO] : 识别元素进行点击操作：//*[@id="project_chosen"]/a
[2021-08-20 14:36:46,922] base_page.py->wait line:81 [INFO] : 休息一会儿 1 秒钟~
[2021-08-20 14:36:46,949] base_page.py->find_element line:122 [INFO] : [点击dbshopv2.0]元素识别成功
[2021-08-20 14:36:47,107] base_page.py->click line:156 [INFO] : 识别元素进行点击操作：//*[@id="project_chosen"]/div/ul/li[1]
[2021-08-20 14:36:48,120] base_page.py->wait line:81 [INFO] : 休息一会儿 1 秒钟~
[2021-08-20 14:36:48,144] base_page.py->find_element line:122 [INFO] : [输入bug标题]元素识别成功
[2021-08-20 14:36:48,275] base_page.py->input line:143 [INFO] : 输入框输入内容：测试一下喔 , 识别输入框：//div[@class="input-control has-icon-right required"]/*[@id="title"]
[2021-08-20 14:36:53,277] base_page.py->wait line:81 [INFO] : 休息一会儿 5.0 秒钟~
[2021-08-20 14:36:53,304] base_page.py->find_element line:122 [INFO] : [切入iframe框架]元素识别成功
[2021-08-20 14:36:53,347] bug_page.py->switch_to_iframe_bug line:68 [INFO] : 切入框架
[2021-08-20 14:36:53,366] base_page.py->find_element line:122 [INFO] : [输入bug内容]元素识别成功
[2021-08-20 14:36:53,666] base_page.py->input line:143 [INFO] : 输入框输入内容：这就是bug呀 , 识别输入框：//*[@class="article-content"]
[2021-08-20 14:36:53,666] bug_page.py->input_bug_content line:72 [INFO] : 输入bug内容
[2021-08-20 14:36:54,667] base_page.py->wait line:81 [INFO] : 休息一会儿 1 秒钟~
[2021-08-20 14:36:54,676] base_page.py->switch_to_default line:326 [INFO] : 调回原来框架
[2021-08-20 14:36:54,676] bug_page.py->switch_to_default_iframe line:76 [INFO] : 跳啊
[2021-08-20 14:36:54,695] base_page.py->find_element line:122 [INFO] : [点击保存]元素识别成功
[2021-08-20 14:36:54,809] base_page.py->click line:156 [INFO] : 识别元素进行点击操作：//*[@class="btn btn-wide btn-primary"]
[2021-08-20 14:36:55,821] base_page.py->wait line:81 [INFO] : 休息一会儿 1 秒钟~
[2021-08-20 14:36:59,987] base_page.py->close_browser line:41 [INFO] : 关闭当前tab页签
[2021-08-20 14:36:59,988] selenium_base_case.py->tearDown line:38 [INFO] : -----------测试方法执行完毕-----------
[2021-08-20 14:37:03,303] selenium_base_case.py->tearDownClass line:42 [INFO] : ==============测试类执行完毕==============
[2021-08-20 14:40:15,082] selenium_base_case.py->setUpClass line:18 [INFO] : 
[2021-08-20 14:40:15,083] selenium_base_case.py->setUpClass line:19 [INFO] : ==============测试类开始执行==============
[2021-08-20 14:40:15,083] selenium_base_case.py->setUp line:23 [INFO] : -----------测试开始执行-----------
[2021-08-20 14:40:15,084] browser.py->get_driver line:34 [INFO] : 当前正在打开：chrome
[2021-08-20 14:40:17,620] browser.py->__get_chrome_driver line:58 [INFO] : 初始化Google浏览器并启动
[2021-08-20 14:40:17,771] base_page.py->set_window_max line:49 [INFO] : 浏览器最大化...
[2021-08-20 14:40:17,774] base_page.py->implicitly_wait line:95 [INFO] : 隐式等待个 5.0 秒
[2021-08-20 14:40:22,391] base_page.py->open_url line:35 [INFO] : 打开url：http://47.107.178.45/zentao/www/index.php?m=user&f=login&referer=L3plbnRhby93d3cvaW5kZXgucGhwP209dXNlciZmPWxvZ2lueg==
[2021-08-20 14:40:22,674] login_page.py->input_username line:31 [INFO] : 输入账号: test01
[2021-08-20 14:40:22,689] base_page.py->find_element line:127 [INFO] : [用户名输入框]元素识别成功
[2021-08-20 14:40:22,750] base_page.py->input line:148 [INFO] : 输入框输入内容：test01 , 识别输入框：account
[2021-08-20 14:40:22,751] login_page.py->input_password line:35 [INFO] : 输入密码: newdream123
[2021-08-20 14:40:22,769] base_page.py->find_element line:127 [INFO] : [密码输入框]元素识别成功
[2021-08-20 14:40:22,901] base_page.py->input line:148 [INFO] : 输入框输入内容：newdream123 , 识别输入框：password
[2021-08-20 14:40:22,901] login_page.py->click_login line:39 [INFO] : 点击登录按钮
[2021-08-20 14:40:22,963] base_page.py->find_element line:127 [INFO] : [登录按钮]元素识别成功
[2021-08-20 14:40:23,059] base_page.py->click line:161 [INFO] : 识别元素进行点击操作：submit
[2021-08-20 14:40:26,467] base_page.py->wait line:86 [INFO] : 休息一会儿 2 秒钟~
[2021-08-20 14:40:26,491] base_page.py->find_element line:127 [INFO] : [测试报告链接]元素识别成功
[2021-08-20 14:40:27,193] base_page.py->click line:161 [INFO] : 识别元素进行点击操作：//*[@id="navbar"]/ul/li[4]/a
[2021-08-20 14:40:27,193] bug_page.py->click_test_link line:35 [INFO] : 点击测试链接
[2021-08-20 14:40:28,199] base_page.py->wait line:86 [INFO] : 休息一会儿 1 秒钟~
[2021-08-20 14:40:28,220] base_page.py->find_element line:127 [INFO] : [点击bug链接]元素识别成功
[2021-08-20 14:40:29,180] base_page.py->click line:161 [INFO] : 识别元素进行点击操作：//*[@id="subNavbar"]/ul/li[1]/a
[2021-08-20 14:40:29,181] bug_page.py->click_bug_link line:40 [INFO] : 点击bug链接
[2021-08-20 14:40:29,253] base_page.py->find_element line:127 [INFO] : [点击提交bug按钮]元素识别成功
[2021-08-20 14:40:31,647] base_page.py->click line:161 [INFO] : 识别元素进行点击操作：//*[@id="mainMenu"]/div[3]/a[3]
[2021-08-20 14:40:31,647] bug_page.py->click_commit_bug_button line:44 [INFO] : 点击提bug按钮
[2021-08-20 14:40:31,688] base_page.py->find_element line:127 [INFO] : [点击影响版本]元素识别成功
[2021-08-20 14:40:31,797] base_page.py->click line:161 [INFO] : 识别元素进行点击操作：//*[@id="openedBuild_chosen"]/ul
[2021-08-20 14:40:32,799] base_page.py->wait line:86 [INFO] : 休息一会儿 1 秒钟~
[2021-08-20 14:40:32,813] base_page.py->find_element line:127 [INFO] : [点击主干]元素识别成功
[2021-08-20 14:40:32,871] base_page.py->click line:161 [INFO] : 识别元素进行点击操作：//*[@id="openedBuild_chosen"]/div/ul/li[1]
[2021-08-20 14:40:32,890] base_page.py->find_element line:127 [INFO] : [点击所属项目]元素识别成功
[2021-08-20 14:40:32,988] base_page.py->click line:161 [INFO] : 识别元素进行点击操作：//*[@id="project_chosen"]/a
[2021-08-20 14:40:34,002] base_page.py->wait line:86 [INFO] : 休息一会儿 1 秒钟~
[2021-08-20 14:40:34,020] base_page.py->find_element line:127 [INFO] : [点击dbshopv2.0]元素识别成功
[2021-08-20 14:40:34,108] base_page.py->click line:161 [INFO] : 识别元素进行点击操作：//*[@id="project_chosen"]/div/ul/li[1]
[2021-08-20 14:40:35,112] base_page.py->wait line:86 [INFO] : 休息一会儿 1 秒钟~
[2021-08-20 14:40:35,132] base_page.py->find_element line:127 [INFO] : [输入bug标题]元素识别成功
[2021-08-20 14:40:35,246] base_page.py->input line:148 [INFO] : 输入框输入内容：今天是个好日子 , 识别输入框：//div[@class="input-control has-icon-right required"]/*[@id="title"]
[2021-08-20 14:40:40,257] base_page.py->wait line:86 [INFO] : 休息一会儿 5.0 秒钟~
[2021-08-20 14:40:40,273] base_page.py->find_element line:127 [INFO] : [切入iframe框架]元素识别成功
[2021-08-20 14:40:40,303] bug_page.py->switch_to_iframe_bug line:68 [INFO] : 切入框架
[2021-08-20 14:40:40,317] base_page.py->find_element line:127 [INFO] : [输入bug内容]元素识别成功
[2021-08-20 14:40:40,430] base_page.py->input line:148 [INFO] : 输入框输入内容：这就是bug呀 , 识别输入框：//*[@class="article-content"]
[2021-08-20 14:40:40,430] bug_page.py->input_bug_content line:72 [INFO] : 输入bug内容
[2021-08-20 14:40:41,433] base_page.py->wait line:86 [INFO] : 休息一会儿 1 秒钟~
[2021-08-20 14:40:41,438] base_page.py->switch_to_default line:331 [INFO] : 调回原来框架
[2021-08-20 14:40:41,438] bug_page.py->switch_to_default_iframe line:76 [INFO] : 跳啊
[2021-08-20 14:40:41,459] base_page.py->find_element line:127 [INFO] : [点击保存]元素识别成功
[2021-08-20 14:40:41,576] base_page.py->click line:161 [INFO] : 识别元素进行点击操作：//*[@class="btn btn-wide btn-primary"]
[2021-08-20 14:40:43,592] base_page.py->wait line:86 [INFO] : 休息一会儿 2 秒钟~
[2021-08-20 14:40:44,606] base_page.py->wait line:86 [INFO] : 休息一会儿 1 秒钟~
[2021-08-20 14:40:49,621] base_page.py->wait line:86 [INFO] : 休息一会儿 5.0 秒钟~
[2021-08-20 14:40:49,622] base_page.py->screenshot_as_file line:275 [ERROR] : 截图失败,原因是: unsupported operand type(s) for +: 'NoneType' and 'str'
[2021-08-20 14:40:49,729] base_page.py->close_browser line:41 [INFO] : 关闭当前tab页签
[2021-08-20 14:40:49,730] selenium_base_case.py->tearDown line:38 [INFO] : -----------测试方法执行完毕-----------
[2021-08-20 14:40:49,733] selenium_base_case.py->tearDownClass line:42 [INFO] : ==============测试类执行完毕==============
[2021-08-20 14:41:21,715] selenium_base_case.py->setUpClass line:18 [INFO] : 
[2021-08-20 14:41:21,716] selenium_base_case.py->setUpClass line:19 [INFO] : ==============测试类开始执行==============
[2021-08-20 14:41:21,717] selenium_base_case.py->setUp line:23 [INFO] : -----------测试开始执行-----------
[2021-08-20 14:41:21,717] browser.py->get_driver line:34 [INFO] : 当前正在打开：chrome
[2021-08-20 14:41:24,606] browser.py->__get_chrome_driver line:58 [INFO] : 初始化Google浏览器并启动
[2021-08-20 14:41:24,797] base_page.py->set_window_max line:49 [INFO] : 浏览器最大化...
[2021-08-20 14:41:24,800] base_page.py->implicitly_wait line:95 [INFO] : 隐式等待个 5.0 秒
[2021-08-20 14:41:29,271] base_page.py->open_url line:35 [INFO] : 打开url：http://47.107.178.45/zentao/www/index.php?m=user&f=login&referer=L3plbnRhby93d3cvaW5kZXgucGhwP209dXNlciZmPWxvZ2lueg==
[2021-08-20 14:41:29,572] login_page.py->input_username line:31 [INFO] : 输入账号: test01
[2021-08-20 14:41:29,599] base_page.py->find_element line:127 [INFO] : [用户名输入框]元素识别成功
[2021-08-20 14:41:29,671] base_page.py->input line:148 [INFO] : 输入框输入内容：test01 , 识别输入框：account
[2021-08-20 14:41:29,671] login_page.py->input_password line:35 [INFO] : 输入密码: newdream123
[2021-08-20 14:41:29,694] base_page.py->find_element line:127 [INFO] : [密码输入框]元素识别成功
[2021-08-20 14:41:29,812] base_page.py->input line:148 [INFO] : 输入框输入内容：newdream123 , 识别输入框：password
[2021-08-20 14:41:29,812] login_page.py->click_login line:39 [INFO] : 点击登录按钮
[2021-08-20 14:41:29,829] base_page.py->find_element line:127 [INFO] : [登录按钮]元素识别成功
[2021-08-20 14:41:29,931] base_page.py->click line:161 [INFO] : 识别元素进行点击操作：submit
[2021-08-20 14:41:33,071] base_page.py->wait line:86 [INFO] : 休息一会儿 2 秒钟~
[2021-08-20 14:41:33,098] base_page.py->find_element line:127 [INFO] : [测试报告链接]元素识别成功
[2021-08-20 14:41:33,984] base_page.py->click line:161 [INFO] : 识别元素进行点击操作：//*[@id="navbar"]/ul/li[4]/a
[2021-08-20 14:41:33,984] bug_page.py->click_test_link line:35 [INFO] : 点击测试链接
[2021-08-20 14:41:34,993] base_page.py->wait line:86 [INFO] : 休息一会儿 1 秒钟~
[2021-08-20 14:41:35,010] base_page.py->find_element line:127 [INFO] : [点击bug链接]元素识别成功
[2021-08-20 14:41:36,056] base_page.py->click line:161 [INFO] : 识别元素进行点击操作：//*[@id="subNavbar"]/ul/li[1]/a
[2021-08-20 14:41:36,057] bug_page.py->click_bug_link line:40 [INFO] : 点击bug链接
[2021-08-20 14:41:36,109] base_page.py->find_element line:127 [INFO] : [点击提交bug按钮]元素识别成功
[2021-08-20 14:41:39,188] base_page.py->click line:161 [INFO] : 识别元素进行点击操作：//*[@id="mainMenu"]/div[3]/a[3]
[2021-08-20 14:41:39,188] bug_page.py->click_commit_bug_button line:44 [INFO] : 点击提bug按钮
[2021-08-20 14:41:39,210] base_page.py->find_element line:127 [INFO] : [点击影响版本]元素识别成功
[2021-08-20 14:41:39,307] base_page.py->click line:161 [INFO] : 识别元素进行点击操作：//*[@id="openedBuild_chosen"]/ul
[2021-08-20 14:41:40,309] base_page.py->wait line:86 [INFO] : 休息一会儿 1 秒钟~
[2021-08-20 14:41:40,332] base_page.py->find_element line:127 [INFO] : [点击主干]元素识别成功
[2021-08-20 14:41:45,373] base_page.py->click line:163 [ERROR] : [点击主干]元素不能识别,原因是: Message: element not interactable
  (Session info: chrome=92.0.4515.131)
Stacktrace:
Backtrace:
	Ordinal0 [0x00F22DB3+2502067]
	Ordinal0 [0x00EBC5B1+2082225]
	Ordinal0 [0x00DC2360+1057632]
	Ordinal0 [0x00DEDB16+1235734]
	Ordinal0 [0x00DE3627+1193511]
	Ordinal0 [0x00E05D23+1334563]
	Ordinal0 [0x00DE3446+1193030]
	Ordinal0 [0x00E05E0A+1334794]
	Ordinal0 [0x00E14B7B+1395579]
	Ordinal0 [0x00E05BEB+1334251]
	Ordinal0 [0x00DE2174+1188212]
	Ordinal0 [0x00DE3009+1191945]
	GetHandleVerifier [0x0109EC5C+1511084]
	GetHandleVerifier [0x01148522+2205554]
	GetHandleVerifier [0x00FA3393+480739]
	GetHandleVerifier [0x00FA2579+477129]
	Ordinal0 [0x00EC1E5D+2104925]
	Ordinal0 [0x00EC63F8+2122744]
	Ordinal0 [0x00EC6537+2123063]
	Ordinal0 [0x00ECEE53+2158163]
	BaseThreadInitThunk [0x7697FA29+25]
	RtlGetAppContainerNamedObjectPath [0x77007A7E+286]
	RtlGetAppContainerNamedObjectPath [0x77007A4E+238]

[2021-08-20 14:41:45,373] base_page.py->screenshot_as_file line:275 [ERROR] : 截图失败,原因是: unsupported operand type(s) for +: 'NoneType' and 'str'
[2021-08-20 14:41:45,391] base_page.py->find_element line:127 [INFO] : [点击所属项目]元素识别成功
[2021-08-20 14:41:45,468] base_page.py->click line:161 [INFO] : 识别元素进行点击操作：//*[@id="project_chosen"]/a
[2021-08-20 14:41:46,478] base_page.py->wait line:86 [INFO] : 休息一会儿 1 秒钟~
[2021-08-20 14:41:46,492] base_page.py->find_element line:127 [INFO] : [点击dbshopv2.0]元素识别成功
[2021-08-20 14:41:46,582] base_page.py->click line:161 [INFO] : 识别元素进行点击操作：//*[@id="project_chosen"]/div/ul/li[1]
[2021-08-20 14:41:47,583] base_page.py->wait line:86 [INFO] : 休息一会儿 1 秒钟~
[2021-08-20 14:41:47,597] base_page.py->find_element line:127 [INFO] : [输入bug标题]元素识别成功
[2021-08-20 14:41:47,703] base_page.py->input line:148 [INFO] : 输入框输入内容：llll , 识别输入框：//div[@class="input-control has-icon-right required"]/*[@id="title"]
[2021-08-20 14:41:52,710] base_page.py->wait line:86 [INFO] : 休息一会儿 5.0 秒钟~
[2021-08-20 14:41:52,741] base_page.py->find_element line:127 [INFO] : [切入iframe框架]元素识别成功
[2021-08-20 14:41:52,787] bug_page.py->switch_to_iframe_bug line:68 [INFO] : 切入框架
[2021-08-20 14:41:52,827] base_page.py->find_element line:127 [INFO] : [输入bug内容]元素识别成功
[2021-08-20 14:41:53,197] base_page.py->input line:148 [INFO] : 输入框输入内容：这就是bug呀 , 识别输入框：//*[@class="article-content"]
[2021-08-20 14:41:53,197] bug_page.py->input_bug_content line:72 [INFO] : 输入bug内容
[2021-08-20 14:41:54,202] base_page.py->wait line:86 [INFO] : 休息一会儿 1 秒钟~
[2021-08-20 14:41:54,208] base_page.py->switch_to_default line:331 [INFO] : 调回原来框架
[2021-08-20 14:41:54,208] bug_page.py->switch_to_default_iframe line:76 [INFO] : 跳啊
[2021-08-20 14:41:54,225] base_page.py->find_element line:127 [INFO] : [点击保存]元素识别成功
[2021-08-20 14:41:54,301] base_page.py->click line:161 [INFO] : 识别元素进行点击操作：//*[@class="btn btn-wide btn-primary"]
[2021-08-20 14:41:56,311] base_page.py->wait line:86 [INFO] : 休息一会儿 2 秒钟~
[2021-08-20 14:41:56,349] base_page.py->get_page_source line:67 [INFO] : 获取页面远吗
[2021-08-20 14:41:57,353] base_page.py->wait line:86 [INFO] : 休息一会儿 1 秒钟~
[2021-08-20 14:42:02,359] base_page.py->wait line:86 [INFO] : 休息一会儿 5.0 秒钟~
[2021-08-20 14:42:02,360] base_page.py->screenshot_as_file line:275 [ERROR] : 截图失败,原因是: unsupported operand type(s) for +: 'NoneType' and 'str'
[2021-08-20 14:42:02,495] base_page.py->close_browser line:41 [INFO] : 关闭当前tab页签
[2021-08-20 14:42:02,495] selenium_base_case.py->tearDown line:38 [INFO] : -----------测试方法执行完毕-----------
[2021-08-20 14:42:02,497] selenium_base_case.py->tearDownClass line:42 [INFO] : ==============测试类执行完毕==============
[2021-08-20 14:42:26,031] selenium_base_case.py->setUpClass line:18 [INFO] : 
[2021-08-20 14:42:26,032] selenium_base_case.py->setUpClass line:19 [INFO] : ==============测试类开始执行==============
[2021-08-20 14:42:26,032] selenium_base_case.py->setUp line:23 [INFO] : -----------测试开始执行-----------
[2021-08-20 14:42:26,032] browser.py->get_driver line:34 [INFO] : 当前正在打开：chrome
[2021-08-20 14:42:28,105] browser.py->__get_chrome_driver line:58 [INFO] : 初始化Google浏览器并启动
[2021-08-20 14:42:28,253] base_page.py->set_window_max line:49 [INFO] : 浏览器最大化...
[2021-08-20 14:42:28,256] base_page.py->implicitly_wait line:95 [INFO] : 隐式等待个 5.0 秒
[2021-08-20 14:42:31,907] base_page.py->open_url line:35 [INFO] : 打开url：http://47.107.178.45/zentao/www/index.php?m=user&f=login&referer=L3plbnRhby93d3cvaW5kZXgucGhwP209dXNlciZmPWxvZ2lueg==
[2021-08-20 14:42:32,118] login_page.py->input_username line:31 [INFO] : 输入账号: test01
[2021-08-20 14:42:32,136] base_page.py->find_element line:127 [INFO] : [用户名输入框]元素识别成功
[2021-08-20 14:42:32,202] base_page.py->input line:148 [INFO] : 输入框输入内容：test01 , 识别输入框：account
[2021-08-20 14:42:32,202] login_page.py->input_password line:35 [INFO] : 输入密码: newdream123
[2021-08-20 14:42:32,215] base_page.py->find_element line:127 [INFO] : [密码输入框]元素识别成功
[2021-08-20 14:42:32,383] base_page.py->input line:148 [INFO] : 输入框输入内容：newdream123 , 识别输入框：password
[2021-08-20 14:42:32,383] login_page.py->click_login line:39 [INFO] : 点击登录按钮
[2021-08-20 14:42:32,403] base_page.py->find_element line:127 [INFO] : [登录按钮]元素识别成功
[2021-08-20 14:42:32,506] base_page.py->click line:161 [INFO] : 识别元素进行点击操作：submit
[2021-08-20 14:42:35,657] base_page.py->wait line:86 [INFO] : 休息一会儿 2 秒钟~
[2021-08-20 14:42:35,676] base_page.py->find_element line:127 [INFO] : [测试报告链接]元素识别成功
[2021-08-20 14:42:36,221] base_page.py->click line:161 [INFO] : 识别元素进行点击操作：//*[@id="navbar"]/ul/li[4]/a
[2021-08-20 14:42:36,222] bug_page.py->click_test_link line:35 [INFO] : 点击测试链接
[2021-08-20 14:42:37,230] base_page.py->wait line:86 [INFO] : 休息一会儿 1 秒钟~
[2021-08-20 14:42:37,246] base_page.py->find_element line:127 [INFO] : [点击bug链接]元素识别成功
[2021-08-20 14:42:38,036] base_page.py->click line:161 [INFO] : 识别元素进行点击操作：//*[@id="subNavbar"]/ul/li[1]/a
[2021-08-20 14:42:38,037] bug_page.py->click_bug_link line:40 [INFO] : 点击bug链接
[2021-08-20 14:42:38,096] base_page.py->find_element line:127 [INFO] : [点击提交bug按钮]元素识别成功
[2021-08-20 14:42:41,006] base_page.py->click line:161 [INFO] : 识别元素进行点击操作：//*[@id="mainMenu"]/div[3]/a[3]
[2021-08-20 14:42:41,007] bug_page.py->click_commit_bug_button line:44 [INFO] : 点击提bug按钮
[2021-08-20 14:42:41,033] base_page.py->find_element line:127 [INFO] : [点击影响版本]元素识别成功
[2021-08-20 14:42:41,141] base_page.py->click line:161 [INFO] : 识别元素进行点击操作：//*[@id="openedBuild_chosen"]/ul
[2021-08-20 14:42:42,141] base_page.py->wait line:86 [INFO] : 休息一会儿 1 秒钟~
[2021-08-20 14:42:42,155] base_page.py->find_element line:127 [INFO] : [点击主干]元素识别成功
[2021-08-20 14:42:42,219] base_page.py->click line:161 [INFO] : 识别元素进行点击操作：//*[@id="openedBuild_chosen"]/div/ul/li[1]
[2021-08-20 14:42:42,234] base_page.py->find_element line:127 [INFO] : [点击所属项目]元素识别成功
[2021-08-20 14:42:42,343] base_page.py->click line:161 [INFO] : 识别元素进行点击操作：//*[@id="project_chosen"]/a
[2021-08-20 14:42:43,344] base_page.py->wait line:86 [INFO] : 休息一会儿 1 秒钟~
[2021-08-20 14:42:43,367] base_page.py->find_element line:127 [INFO] : [点击dbshopv2.0]元素识别成功
[2021-08-20 14:42:43,482] base_page.py->click line:161 [INFO] : 识别元素进行点击操作：//*[@id="project_chosen"]/div/ul/li[1]
[2021-08-20 14:42:44,485] base_page.py->wait line:86 [INFO] : 休息一会儿 1 秒钟~
[2021-08-20 14:42:44,509] base_page.py->find_element line:127 [INFO] : [输入bug标题]元素识别成功
[2021-08-20 14:42:44,736] base_page.py->input line:148 [INFO] : 输入框输入内容：哈哈哈哈哈哈哈 , 识别输入框：//div[@class="input-control has-icon-right required"]/*[@id="title"]
[2021-08-20 14:42:49,737] base_page.py->wait line:86 [INFO] : 休息一会儿 5.0 秒钟~
[2021-08-20 14:42:49,756] base_page.py->find_element line:127 [INFO] : [切入iframe框架]元素识别成功
[2021-08-20 14:42:49,782] bug_page.py->switch_to_iframe_bug line:68 [INFO] : 切入框架
[2021-08-20 14:42:49,798] base_page.py->find_element line:127 [INFO] : [输入bug内容]元素识别成功
[2021-08-20 14:42:50,017] base_page.py->input line:148 [INFO] : 输入框输入内容：这就是bug呀 , 识别输入框：//*[@class="article-content"]
[2021-08-20 14:42:50,017] bug_page.py->input_bug_content line:72 [INFO] : 输入bug内容
[2021-08-20 14:42:51,033] base_page.py->wait line:86 [INFO] : 休息一会儿 1 秒钟~
[2021-08-20 14:42:51,037] base_page.py->switch_to_default line:331 [INFO] : 调回原来框架
[2021-08-20 14:42:51,037] bug_page.py->switch_to_default_iframe line:76 [INFO] : 跳啊
[2021-08-20 14:42:51,055] base_page.py->find_element line:127 [INFO] : [点击保存]元素识别成功
[2021-08-20 14:42:51,163] base_page.py->click line:161 [INFO] : 识别元素进行点击操作：//*[@class="btn btn-wide btn-primary"]
[2021-08-20 14:42:53,178] base_page.py->wait line:86 [INFO] : 休息一会儿 2 秒钟~
[2021-08-20 14:42:53,426] base_page.py->get_page_source line:67 [INFO] : 获取页面远吗
[2021-08-20 14:42:54,431] base_page.py->wait line:86 [INFO] : 休息一会儿 1 秒钟~
[2021-08-20 14:42:54,876] base_page.py->close_browser line:41 [INFO] : 关闭当前tab页签
[2021-08-20 14:42:54,876] selenium_base_case.py->tearDown line:38 [INFO] : -----------测试方法执行完毕-----------
[2021-08-20 14:42:57,212] selenium_base_case.py->tearDownClass line:42 [INFO] : ==============测试类执行完毕==============
